<?xml version="1.0" encoding="UTF-8"?>
<!-- Generated by org.testng.reporters.JUnitReportReporter -->
<testsuite hostname="Satya" failures="0" tests="1" name="newproject.Validation" time="3.384" errors="0" timestamp="2023-06-18T11:23:53 IST" skipped="0">
  <testcase classname="newproject.Validation" name="jsonschema" time="3.384"/>
  <system-out/>
</testsuite> <!-- newproject.Validation -->
