<?xml version="1.0" encoding="UTF-8"?>
<!-- Generated by org.testng.reporters.JUnitReportReporter -->
<testsuite hostname="Satya" failures="0" tests="1" name="newproject.Httprequests" time="3.052" errors="0" timestamp="2023-06-18T11:01:10 IST" skipped="0">
  <testcase classname="newproject.Httprequests" name="enternewUser" time="3.052"/>
  <system-out/>
</testsuite> <!-- newproject.Httprequests -->
